<?xml version="1.0" encoding="UTF-8"?><testsuite failures="0" name="cucumber.runtime.formatter.JUnitFormatter" skipped="0" tests="1" time="21.659459">
<testcase classname="acceptanceTest" name="check whether the sum of items in the bag is correct" time="21.659459">
<system-out><![CDATA[Given I navigate to "https://www.yoox.com/it/uomo"..........................passed
And I go to item selection's page...........................................passed
When I add two random prioducts to the bag..................................passed
And I navigate to the bag...................................................passed
And I add one more instance of a product....................................passed
Then The final price must be correct........................................passed
]]></system-out>
</testcase>
</testsuite>
